bin\alpha-goldDust_debug.ilk
C:\AMIT\DEV\CPP\OF_V0.7.4_VS2010_RELEASE\OF_V0.7.4_VS2010_RELEASE\APPS\MYAPPS\ALPHA-GOLDDUST\BIN\ALPHA-GOLDDUST_DEBUG.EXE
C:\Amit\dev\cpp\of_v0.7.4_vs2010_release\of_v0.7.4_vs2010_release\apps\myApps\alpha-goldDust\bin\alpha-goldDust_debug.exp
C:\AMIT\DEV\CPP\OF_V0.7.4_VS2010_RELEASE\OF_V0.7.4_VS2010_RELEASE\APPS\MYAPPS\ALPHA-GOLDDUST\BIN\ALPHA-GOLDDUST_DEBUG.ILK
C:\Amit\dev\cpp\of_v0.7.4_vs2010_release\of_v0.7.4_vs2010_release\apps\myApps\alpha-goldDust\bin\alpha-goldDust_debug.lib
C:\AMIT\DEV\CPP\OF_V0.7.4_VS2010_RELEASE\OF_V0.7.4_VS2010_RELEASE\APPS\MYAPPS\ALPHA-GOLDDUST\BIN\ALPHA-GOLDDUST_DEBUG_DEBUGINFO.PDB
C:\Amit\dev\cpp\of_v0.7.4_vs2010_release\of_v0.7.4_vs2010_release\apps\myApps\alpha-goldDust\obj\Debug\alpha-goldDust.write.1.tlog
C:\AMIT\DEV\CPP\OF_V0.7.4_VS2010_RELEASE\OF_V0.7.4_VS2010_RELEASE\APPS\MYAPPS\ALPHA-GOLDDUST\OBJ\DEBUG\ALPHA-GOLDDUST_DEBUG.EXE.EMBED.MANIFEST
C:\AMIT\DEV\CPP\OF_V0.7.4_VS2010_RELEASE\OF_V0.7.4_VS2010_RELEASE\APPS\MYAPPS\ALPHA-GOLDDUST\OBJ\DEBUG\ALPHA-GOLDDUST_DEBUG.EXE.EMBED.MANIFEST.RES
C:\AMIT\DEV\CPP\OF_V0.7.4_VS2010_RELEASE\OF_V0.7.4_VS2010_RELEASE\APPS\MYAPPS\ALPHA-GOLDDUST\OBJ\DEBUG\ALPHA-GOLDDUST_DEBUG.EXE.INTERMEDIATE.MANIFEST
C:\Amit\dev\cpp\of_v0.7.4_vs2010_release\of_v0.7.4_vs2010_release\apps\myApps\alpha-goldDust\obj\Debug\alpha-goldDust_debug_manifest.rc
C:\Amit\dev\cpp\of_v0.7.4_vs2010_release\of_v0.7.4_vs2010_release\apps\myApps\alpha-goldDust\obj\Debug\cl.command.1.tlog
C:\Amit\dev\cpp\of_v0.7.4_vs2010_release\of_v0.7.4_vs2010_release\apps\myApps\alpha-goldDust\obj\Debug\CL.read.1.tlog
C:\Amit\dev\cpp\of_v0.7.4_vs2010_release\of_v0.7.4_vs2010_release\apps\myApps\alpha-goldDust\obj\Debug\CL.write.1.tlog
C:\AMIT\DEV\CPP\OF_V0.7.4_VS2010_RELEASE\OF_V0.7.4_VS2010_RELEASE\APPS\MYAPPS\ALPHA-GOLDDUST\OBJ\DEBUG\CLIPBOARD.OBJ
C:\AMIT\DEV\CPP\OF_V0.7.4_VS2010_RELEASE\OF_V0.7.4_VS2010_RELEASE\APPS\MYAPPS\ALPHA-GOLDDUST\OBJ\DEBUG\CREEPS.OBJ
C:\AMIT\DEV\CPP\OF_V0.7.4_VS2010_RELEASE\OF_V0.7.4_VS2010_RELEASE\APPS\MYAPPS\ALPHA-GOLDDUST\OBJ\DEBUG\GLEDITOR.OBJ
C:\Amit\dev\cpp\of_v0.7.4_vs2010_release\of_v0.7.4_vs2010_release\apps\myApps\alpha-goldDust\obj\Debug\link.22800.read.1.tlog
C:\Amit\dev\cpp\of_v0.7.4_vs2010_release\of_v0.7.4_vs2010_release\apps\myApps\alpha-goldDust\obj\Debug\link.22800.write.1.tlog
C:\Amit\dev\cpp\of_v0.7.4_vs2010_release\of_v0.7.4_vs2010_release\apps\myApps\alpha-goldDust\obj\Debug\link.22800-cvtres.read.1.tlog
C:\Amit\dev\cpp\of_v0.7.4_vs2010_release\of_v0.7.4_vs2010_release\apps\myApps\alpha-goldDust\obj\Debug\link.22800-cvtres.write.1.tlog
C:\Amit\dev\cpp\of_v0.7.4_vs2010_release\of_v0.7.4_vs2010_release\apps\myApps\alpha-goldDust\obj\Debug\link.command.1.tlog
C:\Amit\dev\cpp\of_v0.7.4_vs2010_release\of_v0.7.4_vs2010_release\apps\myApps\alpha-goldDust\obj\Debug\link.read.1.tlog
C:\Amit\dev\cpp\of_v0.7.4_vs2010_release\of_v0.7.4_vs2010_release\apps\myApps\alpha-goldDust\obj\Debug\link.write.1.tlog
C:\Amit\dev\cpp\of_v0.7.4_vs2010_release\of_v0.7.4_vs2010_release\apps\myApps\alpha-goldDust\obj\Debug\link-cvtres.read.1.tlog
C:\Amit\dev\cpp\of_v0.7.4_vs2010_release\of_v0.7.4_vs2010_release\apps\myApps\alpha-goldDust\obj\Debug\link-cvtres.write.1.tlog
C:\AMIT\DEV\CPP\OF_V0.7.4_VS2010_RELEASE\OF_V0.7.4_VS2010_RELEASE\APPS\MYAPPS\ALPHA-GOLDDUST\OBJ\DEBUG\MAIN.OBJ
C:\Amit\dev\cpp\of_v0.7.4_vs2010_release\of_v0.7.4_vs2010_release\apps\myApps\alpha-goldDust\obj\Debug\mt.command.1.tlog
C:\Amit\dev\cpp\of_v0.7.4_vs2010_release\of_v0.7.4_vs2010_release\apps\myApps\alpha-goldDust\obj\Debug\mt.read.1.tlog
C:\Amit\dev\cpp\of_v0.7.4_vs2010_release\of_v0.7.4_vs2010_release\apps\myApps\alpha-goldDust\obj\Debug\mt.write.1.tlog
C:\AMIT\DEV\CPP\OF_V0.7.4_VS2010_RELEASE\OF_V0.7.4_VS2010_RELEASE\APPS\MYAPPS\ALPHA-GOLDDUST\OBJ\DEBUG\OFXBASEPATCH.OBJ
C:\AMIT\DEV\CPP\OF_V0.7.4_VS2010_RELEASE\OF_V0.7.4_VS2010_RELEASE\APPS\MYAPPS\ALPHA-GOLDDUST\OBJ\DEBUG\OFXCOMPOSER.OBJ
C:\AMIT\DEV\CPP\OF_V0.7.4_VS2010_RELEASE\OF_V0.7.4_VS2010_RELEASE\APPS\MYAPPS\ALPHA-GOLDDUST\OBJ\DEBUG\OFXGLEDITOR.OBJ
C:\AMIT\DEV\CPP\OF_V0.7.4_VS2010_RELEASE\OF_V0.7.4_VS2010_RELEASE\APPS\MYAPPS\ALPHA-GOLDDUST\OBJ\DEBUG\OFXPATCH.OBJ
C:\AMIT\DEV\CPP\OF_V0.7.4_VS2010_RELEASE\OF_V0.7.4_VS2010_RELEASE\APPS\MYAPPS\ALPHA-GOLDDUST\OBJ\DEBUG\OFXSHADEROBJ.OBJ
C:\AMIT\DEV\CPP\OF_V0.7.4_VS2010_RELEASE\OF_V0.7.4_VS2010_RELEASE\APPS\MYAPPS\ALPHA-GOLDDUST\OBJ\DEBUG\OFXTITLEBAR.OBJ
C:\AMIT\DEV\CPP\OF_V0.7.4_VS2010_RELEASE\OF_V0.7.4_VS2010_RELEASE\APPS\MYAPPS\ALPHA-GOLDDUST\OBJ\DEBUG\OFXVECTORGRAPHICS.OBJ
C:\AMIT\DEV\CPP\OF_V0.7.4_VS2010_RELEASE\OF_V0.7.4_VS2010_RELEASE\APPS\MYAPPS\ALPHA-GOLDDUST\OBJ\DEBUG\OFXXMLSETTINGS.OBJ
C:\AMIT\DEV\CPP\OF_V0.7.4_VS2010_RELEASE\OF_V0.7.4_VS2010_RELEASE\APPS\MYAPPS\ALPHA-GOLDDUST\OBJ\DEBUG\POLYGLYPH.OBJ
C:\Amit\dev\cpp\of_v0.7.4_vs2010_release\of_v0.7.4_vs2010_release\apps\myApps\alpha-goldDust\obj\Debug\rc.command.1.tlog
C:\Amit\dev\cpp\of_v0.7.4_vs2010_release\of_v0.7.4_vs2010_release\apps\myApps\alpha-goldDust\obj\Debug\rc.read.1.tlog
C:\Amit\dev\cpp\of_v0.7.4_vs2010_release\of_v0.7.4_vs2010_release\apps\myApps\alpha-goldDust\obj\Debug\rc.write.1.tlog
C:\AMIT\DEV\CPP\OF_V0.7.4_VS2010_RELEASE\OF_V0.7.4_VS2010_RELEASE\APPS\MYAPPS\ALPHA-GOLDDUST\OBJ\DEBUG\TESTAPP.OBJ
C:\AMIT\DEV\CPP\OF_V0.7.4_VS2010_RELEASE\OF_V0.7.4_VS2010_RELEASE\APPS\MYAPPS\ALPHA-GOLDDUST\OBJ\DEBUG\TINYXML.OBJ
C:\AMIT\DEV\CPP\OF_V0.7.4_VS2010_RELEASE\OF_V0.7.4_VS2010_RELEASE\APPS\MYAPPS\ALPHA-GOLDDUST\OBJ\DEBUG\TINYXMLERROR.OBJ
C:\AMIT\DEV\CPP\OF_V0.7.4_VS2010_RELEASE\OF_V0.7.4_VS2010_RELEASE\APPS\MYAPPS\ALPHA-GOLDDUST\OBJ\DEBUG\TINYXMLPARSER.OBJ
C:\AMIT\DEV\CPP\OF_V0.7.4_VS2010_RELEASE\OF_V0.7.4_VS2010_RELEASE\APPS\MYAPPS\ALPHA-GOLDDUST\OBJ\DEBUG\UNICODE.OBJ
C:\Amit\dev\cpp\of_v0.7.4_vs2010_release\of_v0.7.4_vs2010_release\apps\myApps\alpha-goldDust\obj\Debug\vc100.idb
C:\AMIT\DEV\CPP\OF_V0.7.4_VS2010_RELEASE\OF_V0.7.4_VS2010_RELEASE\APPS\MYAPPS\ALPHA-GOLDDUST\OBJ\DEBUG\VC100.PDB
