Build started 4/17/2013 3:06:01 PM.
     1>Project "C:\Amit\dev\cpp\of_v0.7.4_vs2010_release\of_v0.7.4_vs2010_release\apps\myApps\alpha-goldDust\alpha-goldDust.vcxproj" on node 2 (build target(s)).
     1>InitializeBuildStatus:
         Creating "obj\Debug\alpha-goldDust.unsuccessfulbuild" because "AlwaysCreate" was specified.
       ClCompile:
         c:\Program Files (x86)\Microsoft Visual Studio 10.0\VC\bin\CL.exe /c /I..\..\..\libs\openFrameworks /I..\..\..\libs\openFrameworks\graphics /I..\..\..\libs\openFrameworks\app /I..\..\..\libs\openFrameworks\sound /I..\..\..\libs\openFrameworks\utils /I..\..\..\libs\openFrameworks\communication /I..\..\..\libs\openFrameworks\video /I..\..\..\libs\openFrameworks\types /I..\..\..\libs\openFrameworks\math /I..\..\..\libs\openFrameworks\3d /I..\..\..\libs\openFrameworks\gl /I..\..\..\libs\openFrameworks\events /I..\..\..\libs\glut\include /I..\..\..\libs\rtAudio\include /I..\..\..\libs\quicktime\include /I..\..\..\libs\freetype\include /I..\..\..\libs\freetype\include\freetype2 /I..\..\..\libs\freeImage\include /I..\..\..\libs\fmodex\include /I..\..\..\libs\videoInput\include /I..\..\..\libs\glew\include\ /I..\..\..\libs\glu\include /I..\..\..\libs\tess2\include /I..\..\..\libs\cairo\include\cairo /I..\..\..\libs\poco\include /I..\..\..\addons /I..\..\..\addons\ofxVectorGraphics\libs /I..\..\..\addons\ofxVectorGraphics\src /I..\..\..\addons\ofxXmlSettings\libs /I..\..\..\addons\ofxXmlSettings\src /Isrc\xtra_addons\ofxComposer\src /Isrc\xtra_addons\ofxGLEditor\src /Isrc\xtra_addons\ofxAnimateText\src /Isrc\xtra_addons\ofxUI\src /Isrc /IdataFlow\src /I"C:\Amit\dev\cpp\external\mongodb-src-r2.0.9\mongodb-src-r2.0.9\client" /I"C:\Amit\dev\cpp\external\zeromq-3.2.2\include" /IC:\Amit\dev\cpp\external\cppzmq /I"C:\Program Files (x86)\boost\boost_1_47" /I"C:\Program Files (x86)\Awesomium Technologies LLC\Awesomium SDK\1.7.0.5\include" /IC:\Python27\include /Isrc\examples\scripting /ZI /nologo /W3 /WX- /Od /Oy- /D WIN32 /D _DEBUG /D _CONSOLE /D POCO_STATIC /D CAIRO_WIN32_STATIC_BUILD /D DISABLE_SOME_FLOATING_POINT /D _UNICODE /D UNICODE /Gm /EHsc /RTC1 /MDd /GS /fp:precise /Zc:wchar_t /Zc:forScope /Fo"obj\Debug\\" /Fd"obj\Debug\vc100.pdb" /Gd /TP /analyze- /errorReport:prompt src\examples\scripting\ScriptEngineBridger.cpp
         ScriptEngineBridger.cpp
       ManifestResourceCompile:
         All outputs are up-to-date.
       Link:
         c:\Program Files (x86)\Microsoft Visual Studio 10.0\VC\bin\link.exe /ERRORREPORT:PROMPT /OUT:"bin\alpha-goldDust_debug.exe" /INCREMENTAL /NOLOGO /LIBPATH:Debug /LIBPATH:"C:\Amit\dev\cpp\external\mongodb-src-r2.0.9\mongodb-src-r2.0.9\bin\debug" /LIBPATH:"C:\Amit\dev\cpp\external\zeromq-3.2.2\lib\Win32" /LIBPATH:"C:\Program Files (x86)\boost\boost_1_47\lib" /LIBPATH:"C:\Program Files (x86)\Awesomium Technologies LLC\Awesomium SDK\1.7.0.5\build\lib" /LIBPATH:C:\Python27\libs /LIBPATH:..\..\..\libs\glut\lib\vs2010 /LIBPATH:..\..\..\libs\rtAudio\lib\vs2010 /LIBPATH:..\..\..\libs\FreeImage\lib\vs2010 /LIBPATH:..\..\..\libs\freetype\lib\vs2010 /LIBPATH:..\..\..\libs\quicktime\lib\vs2010 /LIBPATH:..\..\..\libs\fmodex\lib\vs2010 /LIBPATH:..\..\..\libs\videoInput\lib\vs2010 /LIBPATH:..\..\..\libs\cairo\lib\vs2010 /LIBPATH:..\..\..\libs\glew\lib\vs2010 /LIBPATH:..\..\..\libs\glu\lib\vs2010 /LIBPATH:..\..\..\libs\Poco\lib\vs2010 /LIBPATH:..\..\..\libs\tess2\lib\vs2010 mongoclient.lib dataflow_d.lib libzmq_d.lib ws2_32.lib awesomium.lib "cairo-static.lib" "pixman-1.lib" msimg32.lib OpenGL32.lib GLu32.lib kernel32.lib setupapi.lib Vfw32.lib comctl32.lib glut32.lib rtAudioD.lib videoInput.lib libfreetype.lib FreeImage.lib qtmlClient.lib dsound.lib user32.lib gdi32.lib winspool.lib comdlg32.lib advapi32.lib shell32.lib ole32.lib oleaut32.lib uuid.lib glew32s.lib fmodex_vc.lib glu32.lib PocoFoundationmdd.lib PocoNetmdd.lib PocoUtilmdd.lib PocoXMLmdd.lib Ws2_32.lib tess2.lib kernel32.lib user32.lib gdi32.lib winspool.lib comdlg32.lib advapi32.lib shell32.lib ole32.lib oleaut32.lib uuid.lib odbc32.lib odbccp32.lib /NODEFAULTLIB:PocoFoundationd.lib /NODEFAULTLIB:atlthunk.lib /NODEFAULTLIB:LIBC.lib /NODEFAULTLIB:LIBCMT /MANIFEST /ManifestFile:"obj\Debug\alpha-goldDust_debug.exe.intermediate.manifest" /MANIFESTUAC:"level='asInvoker' uiAccess='false'" /DEBUG /PDB:"C:\Amit\dev\cpp\of_v0.7.4_vs2010_release\of_v0.7.4_vs2010_release\apps\myApps\alpha-goldDust\bin\alpha-goldDust_debug_debugInfo.pdb" /SUBSYSTEM:CONSOLE /TLBID:1 /DYNAMICBASE:NO /IMPLIB:"bin\alpha-goldDust_debug.lib" /MACHINE:X86 "obj\Debug\alpha-goldDust_debug.exe.embed.manifest.res"
         obj\Debug\clipBoardWin.obj
         obj\Debug\main.obj
         obj\Debug\testApp.obj
         obj\Debug\ScriptEngineBridger.obj
         obj\Debug\ofxVectorGraphics.obj
         obj\Debug\CreEPS.obj
         obj\Debug\ofxXmlSettings.obj
         obj\Debug\tinyxml.obj
         obj\Debug\tinyxmlerror.obj
         obj\Debug\tinyxmlparser.obj
         obj\Debug\ofxAnimateText.obj
         obj\Debug\ofxAnimateTextManager.obj
         obj\Debug\ofxAnimateTextPolyline.obj
         obj\Debug\ofxBasePatch.obj
         obj\Debug\ofxComposer.obj
         obj\Debug\ofxPatch.obj
         obj\Debug\ofxShaderObj.obj
         obj\Debug\ofxTitleBar.obj
         obj\Debug\ClipBoard.obj
         obj\Debug\GLEditor.obj
         obj\Debug\ofxGLEditor.obj
         obj\Debug\PolyGlyph.obj
         obj\Debug\Unicode.obj
         C:\Amit\dev\cpp\of_v0.7.4_vs2010_release\of_v0.7.4_vs2010_release\libs\openFrameworksCompiled\lib\vs2010\openframeworksLibDebug.lib
       Manifest:
         C:\Program Files (x86)\Microsoft SDKs\Windows\v7.0A\bin\mt.exe /nologo /verbose /out:"obj\Debug\alpha-goldDust_debug.exe.embed.manifest" /manifest "obj\Debug\alpha-goldDust_debug.exe.intermediate.manifest"
         All outputs are up-to-date.
       LinkEmbedManifest:
         All outputs are up-to-date.
         alpha-goldDust.vcxproj -> C:\Amit\dev\cpp\of_v0.7.4_vs2010_release\of_v0.7.4_vs2010_release\apps\myApps\alpha-goldDust\bin\alpha-goldDust_debug.exe
       PostBuildEvent:
         Description: adding DLLs and creating data folder
         xcopy /e /i /y "C:\Amit\dev\cpp\of_v0.7.4_vs2010_release\of_v0.7.4_vs2010_release\apps\myApps\alpha-goldDust\..\..\..\export\vs2010\*.dll" "C:\Amit\dev\cpp\of_v0.7.4_vs2010_release\of_v0.7.4_vs2010_release\apps\myApps\alpha-goldDust\bin"
         :VCEnd
         C:\Amit\dev\cpp\of_v0.7.4_vs2010_release\of_v0.7.4_vs2010_release\apps\myApps\alpha-goldDust\..\..\..\export\vs2010\Assimp32.dll
         C:\Amit\dev\cpp\of_v0.7.4_vs2010_release\of_v0.7.4_vs2010_release\apps\myApps\alpha-goldDust\..\..\..\export\vs2010\fmodex.dll
         C:\Amit\dev\cpp\of_v0.7.4_vs2010_release\of_v0.7.4_vs2010_release\apps\myApps\alpha-goldDust\..\..\..\export\vs2010\fmodexL.dll
         C:\Amit\dev\cpp\of_v0.7.4_vs2010_release\of_v0.7.4_vs2010_release\apps\myApps\alpha-goldDust\..\..\..\export\vs2010\FreeImage.dll
         C:\Amit\dev\cpp\of_v0.7.4_vs2010_release\of_v0.7.4_vs2010_release\apps\myApps\alpha-goldDust\..\..\..\export\vs2010\FreeType-6.dll
         C:\Amit\dev\cpp\of_v0.7.4_vs2010_release\of_v0.7.4_vs2010_release\apps\myApps\alpha-goldDust\..\..\..\export\vs2010\glut32.dll
         C:\Amit\dev\cpp\of_v0.7.4_vs2010_release\of_v0.7.4_vs2010_release\apps\myApps\alpha-goldDust\..\..\..\export\vs2010\Zlib.dll
         7 File(s) copied
       FinalizeBuildStatus:
         Deleting file "obj\Debug\alpha-goldDust.unsuccessfulbuild".
         Touching "obj\Debug\alpha-goldDust.lastbuildstate".
     1>Done Building Project "C:\Amit\dev\cpp\of_v0.7.4_vs2010_release\of_v0.7.4_vs2010_release\apps\myApps\alpha-goldDust\alpha-goldDust.vcxproj" (build target(s)).

Build succeeded.

Time Elapsed 00:00:07.39
