C:\AMIT\DEV\CPP\OF_V0.7.4_VS2010_RELEASE\OF_V0.7.4_VS2010_RELEASE\APPS\MYAPPS\ALPHA-GOLDDUST\DATAFLOW\DEBUG\APPRENTICE.OBJ
C:\AMIT\DEV\CPP\OF_V0.7.4_VS2010_RELEASE\OF_V0.7.4_VS2010_RELEASE\APPS\MYAPPS\ALPHA-GOLDDUST\DATAFLOW\DEBUG\BACKGROUNDJOB.OBJ
C:\AMIT\DEV\CPP\OF_V0.7.4_VS2010_RELEASE\OF_V0.7.4_VS2010_RELEASE\APPS\MYAPPS\ALPHA-GOLDDUST\DATAFLOW\DEBUG\CACHEBOOTSTRAPPER.OBJ
C:\AMIT\DEV\CPP\OF_V0.7.4_VS2010_RELEASE\OF_V0.7.4_VS2010_RELEASE\APPS\MYAPPS\ALPHA-GOLDDUST\DATAFLOW\DEBUG\CACHECONFIG.OBJ
C:\AMIT\DEV\CPP\OF_V0.7.4_VS2010_RELEASE\OF_V0.7.4_VS2010_RELEASE\APPS\MYAPPS\ALPHA-GOLDDUST\DATAFLOW\DEBUG\CACHECONNECTIONMANAGER.OBJ
C:\AMIT\DEV\CPP\OF_V0.7.4_VS2010_RELEASE\OF_V0.7.4_VS2010_RELEASE\APPS\MYAPPS\ALPHA-GOLDDUST\DATAFLOW\DEBUG\CACHEHANDLEBASE.OBJ
C:\AMIT\DEV\CPP\OF_V0.7.4_VS2010_RELEASE\OF_V0.7.4_VS2010_RELEASE\APPS\MYAPPS\ALPHA-GOLDDUST\DATAFLOW\DEBUG\CACHEHANDLEIMPL.OBJ
C:\AMIT\DEV\CPP\OF_V0.7.4_VS2010_RELEASE\OF_V0.7.4_VS2010_RELEASE\APPS\MYAPPS\ALPHA-GOLDDUST\DATAFLOW\DEBUG\CACHEQUERY.OBJ
C:\AMIT\DEV\CPP\OF_V0.7.4_VS2010_RELEASE\OF_V0.7.4_VS2010_RELEASE\APPS\MYAPPS\ALPHA-GOLDDUST\DATAFLOW\DEBUG\CACHEQUERYBASE.OBJ
C:\AMIT\DEV\CPP\OF_V0.7.4_VS2010_RELEASE\OF_V0.7.4_VS2010_RELEASE\APPS\MYAPPS\ALPHA-GOLDDUST\DATAFLOW\DEBUG\CACHEQUERYMANAGER.OBJ
C:\Amit\dev\cpp\of_v0.7.4_vs2010_release\of_v0.7.4_vs2010_release\apps\myApps\alpha-goldDust\dataFlow\Debug\cl.command.1.tlog
C:\Amit\dev\cpp\of_v0.7.4_vs2010_release\of_v0.7.4_vs2010_release\apps\myApps\alpha-goldDust\dataFlow\Debug\CL.read.1.tlog
C:\Amit\dev\cpp\of_v0.7.4_vs2010_release\of_v0.7.4_vs2010_release\apps\myApps\alpha-goldDust\dataFlow\Debug\CL.write.1.tlog
C:\AMIT\DEV\CPP\OF_V0.7.4_VS2010_RELEASE\OF_V0.7.4_VS2010_RELEASE\APPS\MYAPPS\ALPHA-GOLDDUST\DATAFLOW\DEBUG\DATAFLOW.DLL.EMBED.MANIFEST
C:\AMIT\DEV\CPP\OF_V0.7.4_VS2010_RELEASE\OF_V0.7.4_VS2010_RELEASE\APPS\MYAPPS\ALPHA-GOLDDUST\DATAFLOW\DEBUG\DATAFLOW.DLL.EMBED.MANIFEST.RES
C:\AMIT\DEV\CPP\OF_V0.7.4_VS2010_RELEASE\OF_V0.7.4_VS2010_RELEASE\APPS\MYAPPS\ALPHA-GOLDDUST\DATAFLOW\DEBUG\DATAFLOW.DLL.INTERMEDIATE.MANIFEST
C:\Amit\dev\cpp\of_v0.7.4_vs2010_release\of_v0.7.4_vs2010_release\apps\myApps\alpha-goldDust\dataFlow\Debug\dataFlow.write.1.tlog
C:\Amit\dev\cpp\of_v0.7.4_vs2010_release\of_v0.7.4_vs2010_release\apps\myApps\alpha-goldDust\dataFlow\Debug\dataFlow_manifest.rc
C:\AMIT\DEV\CPP\OF_V0.7.4_VS2010_RELEASE\OF_V0.7.4_VS2010_RELEASE\APPS\MYAPPS\ALPHA-GOLDDUST\DATAFLOW\DEBUG\DFFRAMEWORK.OBJ
C:\Amit\dev\cpp\of_v0.7.4_vs2010_release\of_v0.7.4_vs2010_release\apps\myApps\alpha-goldDust\dataFlow\Debug\link.24696.read.1.tlog
C:\Amit\dev\cpp\of_v0.7.4_vs2010_release\of_v0.7.4_vs2010_release\apps\myApps\alpha-goldDust\dataFlow\Debug\link.24696.write.1.tlog
C:\Amit\dev\cpp\of_v0.7.4_vs2010_release\of_v0.7.4_vs2010_release\apps\myApps\alpha-goldDust\dataFlow\Debug\link.24696-cvtres.read.1.tlog
C:\Amit\dev\cpp\of_v0.7.4_vs2010_release\of_v0.7.4_vs2010_release\apps\myApps\alpha-goldDust\dataFlow\Debug\link.24696-cvtres.write.1.tlog
C:\Amit\dev\cpp\of_v0.7.4_vs2010_release\of_v0.7.4_vs2010_release\apps\myApps\alpha-goldDust\dataFlow\Debug\link.command.1.tlog
C:\Amit\dev\cpp\of_v0.7.4_vs2010_release\of_v0.7.4_vs2010_release\apps\myApps\alpha-goldDust\dataFlow\Debug\link.read.1.tlog
C:\Amit\dev\cpp\of_v0.7.4_vs2010_release\of_v0.7.4_vs2010_release\apps\myApps\alpha-goldDust\dataFlow\Debug\link.write.1.tlog
C:\Amit\dev\cpp\of_v0.7.4_vs2010_release\of_v0.7.4_vs2010_release\apps\myApps\alpha-goldDust\dataFlow\Debug\link-cvtres.read.1.tlog
C:\Amit\dev\cpp\of_v0.7.4_vs2010_release\of_v0.7.4_vs2010_release\apps\myApps\alpha-goldDust\dataFlow\Debug\link-cvtres.write.1.tlog
C:\Amit\dev\cpp\of_v0.7.4_vs2010_release\of_v0.7.4_vs2010_release\apps\myApps\alpha-goldDust\dataFlow\Debug\mt.command.1.tlog
C:\Amit\dev\cpp\of_v0.7.4_vs2010_release\of_v0.7.4_vs2010_release\apps\myApps\alpha-goldDust\dataFlow\Debug\mt.read.1.tlog
C:\Amit\dev\cpp\of_v0.7.4_vs2010_release\of_v0.7.4_vs2010_release\apps\myApps\alpha-goldDust\dataFlow\Debug\mt.write.1.tlog
C:\Amit\dev\cpp\of_v0.7.4_vs2010_release\of_v0.7.4_vs2010_release\apps\myApps\alpha-goldDust\dataFlow\Debug\rc.command.1.tlog
C:\Amit\dev\cpp\of_v0.7.4_vs2010_release\of_v0.7.4_vs2010_release\apps\myApps\alpha-goldDust\dataFlow\Debug\rc.read.1.tlog
C:\Amit\dev\cpp\of_v0.7.4_vs2010_release\of_v0.7.4_vs2010_release\apps\myApps\alpha-goldDust\dataFlow\Debug\rc.write.1.tlog
C:\AMIT\DEV\CPP\OF_V0.7.4_VS2010_RELEASE\OF_V0.7.4_VS2010_RELEASE\APPS\MYAPPS\ALPHA-GOLDDUST\DATAFLOW\DEBUG\STRINGUTILITY.OBJ
C:\Amit\dev\cpp\of_v0.7.4_vs2010_release\of_v0.7.4_vs2010_release\apps\myApps\alpha-goldDust\dataFlow\Debug\vc100.idb
C:\AMIT\DEV\CPP\OF_V0.7.4_VS2010_RELEASE\OF_V0.7.4_VS2010_RELEASE\APPS\MYAPPS\ALPHA-GOLDDUST\DATAFLOW\DEBUG\VC100.PDB
C:\AMIT\DEV\CPP\OF_V0.7.4_VS2010_RELEASE\OF_V0.7.4_VS2010_RELEASE\APPS\MYAPPS\ALPHA-GOLDDUST\DATAFLOW\DEBUG\YODA.OBJ
C:\AMIT\DEV\CPP\OF_V0.7.4_VS2010_RELEASE\OF_V0.7.4_VS2010_RELEASE\APPS\MYAPPS\ALPHA-GOLDDUST\DEBUG\DATAFLOW.PDB
C:\AMIT\DEV\CPP\OF_V0.7.4_VS2010_RELEASE\OF_V0.7.4_VS2010_RELEASE\APPS\MYAPPS\ALPHA-GOLDDUST\DEBUG\DATAFLOW_D.DLL
C:\Amit\dev\cpp\of_v0.7.4_vs2010_release\of_v0.7.4_vs2010_release\apps\myApps\alpha-goldDust\Debug\dataFlow_d.exp
C:\AMIT\DEV\CPP\OF_V0.7.4_VS2010_RELEASE\OF_V0.7.4_VS2010_RELEASE\APPS\MYAPPS\ALPHA-GOLDDUST\DEBUG\DATAFLOW_D.ILK
C:\Amit\dev\cpp\of_v0.7.4_vs2010_release\of_v0.7.4_vs2010_release\apps\myApps\alpha-goldDust\Debug\dataFlow_d.lib
